[    2672ms] [LOG] phx-GKkm0AnnnoDdp6HC mount:  -  {0: Object, p: Object, s: 10, t: Bobine — Your Video Platform} @ http://localhost:4000/assets/js/app.js:8339
[   13298ms] [LOG] phx-GKkm0AnnnoDdp6HC destroyed: the child has been removed from the parent -  undefined @ http://localhost:4000/assets/js/app.js:8339
[   13482ms] [WARNING] %c📡 [warning] navigate event to "http://localhost:4000/users/register" failed because you are redirecting across live_sessions. A full page reload will be performed instead
 color: inherit; @ http://localhost:4000/phoenix/live_reload/frame:1828
[   13487ms] [LOG] phx-GKkm0AnnnoDdp6HC error: unauthorized live_redirect. Falling back to page request -  {reason: unauthorized} @ http://localhost:4000/assets/js/app.js:8339
[   13487ms] [LOG] phx-GKkm0AnnnoDdp6HC socket: disconnect for page nav -  undefined @ http://localhost:4000/assets/js/app.js:8339
[   13487ms] [LOG] phx-GKkm0AnnnoDdp6HC destroyed: the child has been removed from the parent -  undefined @ http://localhost:4000/assets/js/app.js:8339
[   13488ms] [LOG]  destroyed: the child has been removed from the parent -  undefined @ http://localhost:4000/assets/js/app.js:8339
[   13943ms] [INFO] %c📡 [info] GET /users/register
 color: inherit; @ http://localhost:4000/phoenix/live_reload/frame:1828
[   13954ms] [INFO] %c📡 [info] metric
 color: inherit; @ http://localhost:4000/phoenix/live_reload/frame:1828
[   13973ms] [INFO] %c📡 [info] Sent 200 in 52ms
 color: inherit; @ http://localhost:4000/phoenix/live_reload/frame:1828
[   13973ms] [INFO] %c📡 [info] metric
 color: inherit; @ http://localhost:4000/phoenix/live_reload/frame:1828
[   17186ms] [LOG] phx-GKkm0zrVLnyTHbeD mount:  -  {0: Object, p: Object, s: 28} @ http://localhost:4000/assets/js/app.js:8339
[   31342ms] [LOG] phx-GKkm0zrVLnyTHbeD update:  -  {0: Object} @ http://localhost:4000/assets/js/app.js:8339
[   31558ms] [INFO] %c📡 [info] metric
 color: inherit; @ http://localhost:4000/phoenix/live_reload/frame:1828
[   32078ms] [INFO] %c📡 [info] metric
 color: inherit; @ http://localhost:4000/phoenix/live_reload/frame:1828
[   32079ms] [LOG] phx-GKkm0zrVLnyTHbeD update:  -  {0: Object} @ http://localhost:4000/assets/js/app.js:8339
[   38771ms] [INFO] %c📡 [info] metric
 color: inherit; @ http://localhost:4000/phoenix/live_reload/frame:1828
[   38771ms] [INFO] %c📡 [info] metric
 color: inherit; @ http://localhost:4000/phoenix/live_reload/frame:1828
[   38854ms] [INFO] %c📡 [info] metric
 color: inherit; @ http://localhost:4000/phoenix/live_reload/frame:1828
[   38869ms] [LOG] phx-GKkm0zrVLnyTHbeD update:  -  {e: Array(0)} @ http://localhost:4000/assets/js/app.js:8339
[   38886ms] [LOG] phx-GKkm0zrVLnyTHbeD destroyed: the child has been removed from the parent -  undefined @ http://localhost:4000/assets/js/app.js:8339
[   38961ms] [LOG] phx-GKkm0zrVLnyTHbeD mount:  -  {0: Object, p: Object, s: 35} @ http://localhost:4000/assets/js/app.js:8339
[   40893ms] [INFO] %c📡 [info] metric
 color: inherit; @ http://localhost:4000/phoenix/live_reload/frame:1828
